<?xml version="1.0" encoding="UTF-8"?>
<testng-results skipped="0" failed="0" ignored="0" total="1" passed="1">
  <reporter-output>
  </reporter-output>
  <suite name="Suite" duration-ms="8317" started-at="2020-07-19T16:05:09Z" finished-at="2020-07-19T16:05:17Z">
    <groups>
    </groups>
    <test name="Test1" duration-ms="8317" started-at="2020-07-19T16:05:09Z" finished-at="2020-07-19T16:05:17Z">
      <class name="test.ValidateLoginAndLaunch">
        <test-method status="PASS" signature="setup()[pri:0, instance:test.ValidateLoginAndLaunch@6a472554]" name="setup" is-config="true" duration-ms="5485" started-at="2020-07-19T16:05:09Z" finished-at="2020-07-19T16:05:14Z">
          <reporter-output>
          </reporter-output>
        </test-method> <!-- setup -->
        <test-method status="PASS" signature="BD_ValidateLaunchWebsite()[pri:0, instance:test.ValidateLoginAndLaunch@6a472554]" name="BD_ValidateLaunchWebsite" duration-ms="2176" started-at="2020-07-19T16:05:14Z" finished-at="2020-07-19T16:05:17Z">
          <reporter-output>
          </reporter-output>
        </test-method> <!-- BD_ValidateLaunchWebsite -->
        <test-method status="PASS" signature="tearDown()[pri:0, instance:test.ValidateLoginAndLaunch@6a472554]" name="tearDown" is-config="true" duration-ms="643" started-at="2020-07-19T16:05:17Z" finished-at="2020-07-19T16:05:17Z">
          <reporter-output>
          </reporter-output>
        </test-method> <!-- tearDown -->
      </class> <!-- test.ValidateLoginAndLaunch -->
    </test> <!-- Test1 -->
  </suite> <!-- Suite -->
</testng-results>
