<?xml version="1.0" encoding="UTF-8"?>
<testng-results skipped="0" failed="0" ignored="0" total="1" passed="1">
  <reporter-output>
  </reporter-output>
  <suite name="Suite" duration-ms="8371" started-at="2020-07-19T13:39:50 EET" finished-at="2020-07-19T13:39:58 EET">
    <groups>
    </groups>
    <test name="Test1" duration-ms="8371" started-at="2020-07-19T13:39:50 EET" finished-at="2020-07-19T13:39:58 EET">
      <class name="test.ValidateLoginAndLaunch">
        <test-method status="PASS" signature="setup()[pri:0, instance:test.ValidateLoginAndLaunch@610694f1]" name="setup" is-config="true" duration-ms="5782" started-at="2020-07-19T13:39:50 EET" finished-at="2020-07-19T13:39:56 EET">
          <reporter-output>
          </reporter-output>
        </test-method> <!-- setup -->
        <test-method status="PASS" signature="BD_ValidateLaunchWebsite()[pri:0, instance:test.ValidateLoginAndLaunch@610694f1]" name="BD_ValidateLaunchWebsite" duration-ms="1934" started-at="2020-07-19T13:39:56 EET" finished-at="2020-07-19T13:39:58 EET">
          <reporter-output>
          </reporter-output>
        </test-method> <!-- BD_ValidateLaunchWebsite -->
        <test-method status="PASS" signature="tearDown()[pri:0, instance:test.ValidateLoginAndLaunch@610694f1]" name="tearDown" is-config="true" duration-ms="629" started-at="2020-07-19T13:39:58 EET" finished-at="2020-07-19T13:39:58 EET">
          <reporter-output>
          </reporter-output>
        </test-method> <!-- tearDown -->
      </class> <!-- test.ValidateLoginAndLaunch -->
    </test> <!-- Test1 -->
  </suite> <!-- Suite -->
</testng-results>
